# JRE version: Java(TM) SE Runtime Environment (8.0_251-b08) (build 1.8.0_251-b08)
# Java VM: Java HotSpot(TM) 64-Bit Server VM (25.251-b08 mixed mode windows-amd64 compressed oops)
Heap:
 PSYoungGen      total 76288K, used 18123K [0x000000076af80000, 0x0000000770480000, 0x00000007c0000000)
  eden space 65536K, 27% used [0x000000076af80000,0x000000076c132fd8,0x000000076ef80000)
  from space 10752K, 0% used [0x000000076ef80000,0x000000076ef80000,0x000000076fa00000)
  to   space 10752K, 0% used [0x000000076fa00000,0x000000076fa00000,0x0000000770480000)
 ParOldGen       total 74240K, used 8537K [0x00000006c0e00000, 0x00000006c5680000, 0x000000076af80000)
  object space 74240K, 11% used [0x00000006c0e00000,0x00000006c1656490,0x00000006c5680000)
 Metaspace       used 22301K, capacity 22624K, committed 22960K, reserved 1069056K
  class space    used 2666K, capacity 2784K, committed 2816K, reserved 1048576K
GC Heap History (4 events):
Event: 7.479 GC heap before
{Heap before GC invocations=1 (full 0):
 PSYoungGen      total 76288K, used 45885K [0x000000076af80000, 0x0000000770480000, 0x00000007c0000000)
  eden space 65536K, 70% used [0x000000076af80000,0x000000076dc4f7f8,0x000000076ef80000)
  from space 10752K, 0% used [0x000000076fa00000,0x000000076fa00000,0x0000000770480000)
  to   space 10752K, 0% used [0x000000076ef80000,0x000000076ef80000,0x000000076fa00000)
 ParOldGen       total 175104K, used 0K [0x00000006c0e00000, 0x00000006cb900000, 0x000000076af80000)
  object space 175104K, 0% used [0x00000006c0e00000,0x00000006c0e00000,0x00000006cb900000)
 Metaspace       used 20878K, capacity 21114K, committed 21296K, reserved 1069056K
  class space    used 2543K, capacity 2645K, committed 2688K, reserved 1048576K
Event: 7.487 GC heap after
Heap after GC invocations=1 (full 0):
 PSYoungGen      total 76288K, used 8786K [0x000000076af80000, 0x0000000770480000, 0x00000007c0000000)
  eden space 65536K, 0% used [0x000000076af80000,0x000000076af80000,0x000000076ef80000)
  from space 10752K, 81% used [0x000000076ef80000,0x000000076f814b18,0x000000076fa00000)
  to   space 10752K, 0% used [0x000000076fa00000,0x000000076fa00000,0x0000000770480000)
 ParOldGen       total 175104K, used 24K [0x00000006c0e00000, 0x00000006cb900000, 0x000000076af80000)
  object space 175104K, 0% used [0x00000006c0e00000,0x00000006c0e06000,0x00000006cb900000)
 Metaspace       used 20878K, capacity 21114K, committed 21296K, reserved 1069056K
  class space    used 2543K, capacity 2645K, committed 2688K, reserved 1048576K
}
Event: 7.487 GC heap before
{Heap before GC invocations=2 (full 1):
 PSYoungGen      total 76288K, used 8786K [0x000000076af80000, 0x0000000770480000, 0x00000007c0000000)
  eden space 65536K, 0% used [0x000000076af80000,0x000000076af80000,0x000000076ef80000)
  from space 10752K, 81% used [0x000000076ef80000,0x000000076f814b18,0x000000076fa00000)
  to   space 10752K, 0% used [0x000000076fa00000,0x000000076fa00000,0x0000000770480000)
 ParOldGen       total 175104K, used 24K [0x00000006c0e00000, 0x00000006cb900000, 0x000000076af80000)
  object space 175104K, 0% used [0x00000006c0e00000,0x00000006c0e06000,0x00000006cb900000)
 Metaspace       used 20878K, capacity 21114K, committed 21296K, reserved 1069056K
  class space    used 2543K, capacity 2645K, committed 2688K, reserved 1048576K
Event: 7.514 GC heap after
Heap after GC invocations=2 (full 1):
 PSYoungGen      total 76288K, used 0K [0x000000076af80000, 0x0000000770480000, 0x00000007c0000000)
  eden space 65536K, 0% used [0x000000076af80000,0x000000076af80000,0x000000076ef80000)
  from space 10752K, 0% used [0x000000076ef80000,0x000000076ef80000,0x000000076fa00000)
  to   space 10752K, 0% used [0x000000076fa00000,0x000000076fa00000,0x0000000770480000)
 ParOldGen       total 74240K, used 8537K [0x00000006c0e00000, 0x00000006c5680000, 0x000000076af80000)
  object space 74240K, 11% used [0x00000006c0e00000,0x00000006c1656490,0x00000006c5680000)
 Metaspace       used 20878K, capacity 21114K, committed 21296K, reserved 1069056K
  class space    used 2543K, capacity 2645K, committed 2688K, reserved 1048576K
}

