# JRE version: Java(TM) SE Runtime Environment (8.0_251-b08) (build 1.8.0_251-b08)
# Java VM: Java HotSpot(TM) 64-Bit Server VM (25.251-b08 mixed mode windows-amd64 compressed oops)
Heap:
 PSYoungGen      total 76288K, used 11793K [0x000000076af80000, 0x0000000770480000, 0x00000007c0000000)
  eden space 65536K, 17% used [0x000000076af80000,0x000000076bb04530,0x000000076ef80000)
  from space 10752K, 0% used [0x000000076ef80000,0x000000076ef80000,0x000000076fa00000)
  to   space 10752K, 0% used [0x000000076fa00000,0x000000076fa00000,0x0000000770480000)
 ParOldGen       total 74240K, used 8517K [0x00000006c0e00000, 0x00000006c5680000, 0x000000076af80000)
  object space 74240K, 11% used [0x00000006c0e00000,0x00000006c1651610,0x00000006c5680000)
 Metaspace       used 22286K, capacity 22572K, committed 22832K, reserved 1069056K
  class space    used 2638K, capacity 2750K, committed 2864K, reserved 1048576K
GC Heap History (4 events):
Event: 19.065 GC heap before
{Heap before GC invocations=1 (full 0):
 PSYoungGen      total 76288K, used 51210K [0x000000076af80000, 0x0000000770480000, 0x00000007c0000000)
  eden space 65536K, 78% used [0x000000076af80000,0x000000076e182ab0,0x000000076ef80000)
  from space 10752K, 0% used [0x000000076fa00000,0x000000076fa00000,0x0000000770480000)
  to   space 10752K, 0% used [0x000000076ef80000,0x000000076ef80000,0x000000076fa00000)
 ParOldGen       total 175104K, used 0K [0x00000006c0e00000, 0x00000006cb900000, 0x000000076af80000)
  object space 175104K, 0% used [0x00000006c0e00000,0x00000006c0e00000,0x00000006cb900000)
 Metaspace       used 20914K, capacity 21146K, committed 21296K, reserved 1069056K
  class space    used 2472K, capacity 2573K, committed 2608K, reserved 1048576K
Event: 19.074 GC heap after
Heap after GC invocations=1 (full 0):
 PSYoungGen      total 76288K, used 8738K [0x000000076af80000, 0x0000000770480000, 0x00000007c0000000)
  eden space 65536K, 0% used [0x000000076af80000,0x000000076af80000,0x000000076ef80000)
  from space 10752K, 81% used [0x000000076ef80000,0x000000076f808b08,0x000000076fa00000)
  to   space 10752K, 0% used [0x000000076fa00000,0x000000076fa00000,0x0000000770480000)
 ParOldGen       total 175104K, used 24K [0x00000006c0e00000, 0x00000006cb900000, 0x000000076af80000)
  object space 175104K, 0% used [0x00000006c0e00000,0x00000006c0e06000,0x00000006cb900000)
 Metaspace       used 20914K, capacity 21146K, committed 21296K, reserved 1069056K
  class space    used 2472K, capacity 2573K, committed 2608K, reserved 1048576K
}
Event: 19.074 GC heap before
{Heap before GC invocations=2 (full 1):
 PSYoungGen      total 76288K, used 8738K [0x000000076af80000, 0x0000000770480000, 0x00000007c0000000)
  eden space 65536K, 0% used [0x000000076af80000,0x000000076af80000,0x000000076ef80000)
  from space 10752K, 81% used [0x000000076ef80000,0x000000076f808b08,0x000000076fa00000)
  to   space 10752K, 0% used [0x000000076fa00000,0x000000076fa00000,0x0000000770480000)
 ParOldGen       total 175104K, used 24K [0x00000006c0e00000, 0x00000006cb900000, 0x000000076af80000)
  object space 175104K, 0% used [0x00000006c0e00000,0x00000006c0e06000,0x00000006cb900000)
 Metaspace       used 20914K, capacity 21146K, committed 21296K, reserved 1069056K
  class space    used 2472K, capacity 2573K, committed 2608K, reserved 1048576K
Event: 19.102 GC heap after
Heap after GC invocations=2 (full 1):
 PSYoungGen      total 76288K, used 0K [0x000000076af80000, 0x0000000770480000, 0x00000007c0000000)
  eden space 65536K, 0% used [0x000000076af80000,0x000000076af80000,0x000000076ef80000)
  from space 10752K, 0% used [0x000000076ef80000,0x000000076ef80000,0x000000076fa00000)
  to   space 10752K, 0% used [0x000000076fa00000,0x000000076fa00000,0x0000000770480000)
 ParOldGen       total 74240K, used 8517K [0x00000006c0e00000, 0x00000006c5680000, 0x000000076af80000)
  object space 74240K, 11% used [0x00000006c0e00000,0x00000006c1651610,0x00000006c5680000)
 Metaspace       used 20914K, capacity 21146K, committed 21296K, reserved 1069056K
  class space    used 2472K, capacity 2573K, committed 2608K, reserved 1048576K
}

